{"/Users/siyuan.wang/Works/npm-pakcages/easier-axios-DSL/src/index.ts": {"path":"/Users/siyuan.wang/Works/npm-pakcages/easier-axios-DSL/src/index.ts","all":false,"statementMap":{"0":{"start":{"line":1,"column":0},"end":{"line":1,"column":59}}},"s":{"0":1},"branchMap":{},"b":{},"fnMap":{},"f":{}}
,"/Users/siyuan.wang/Works/npm-pakcages/easier-axios-DSL/src/utils/creator.ts": {"path":"/Users/siyuan.wang/Works/npm-pakcages/easier-axios-DSL/src/utils/creator.ts","all":false,"statementMap":{"0":{"start":{"line":1,"column":0},"end":{"line":1,"column":58}},"5":{"start":{"line":6,"column":0},"end":{"line":6,"column":30}},"8":{"start":{"line":9,"column":0},"end":{"line":9,"column":23}},"9":{"start":{"line":10,"column":0},"end":{"line":10,"column":27}},"10":{"start":{"line":11,"column":0},"end":{"line":11,"column":35}},"11":{"start":{"line":12,"column":0},"end":{"line":12,"column":2}},"14":{"start":{"line":15,"column":0},"end":{"line":15,"column":41}},"15":{"start":{"line":16,"column":0},"end":{"line":16,"column":13}},"16":{"start":{"line":17,"column":0},"end":{"line":17,"column":13}},"17":{"start":{"line":18,"column":0},"end":{"line":18,"column":15}},"18":{"start":{"line":19,"column":0},"end":{"line":19,"column":19}},"19":{"start":{"line":20,"column":0},"end":{"line":20,"column":2}},"21":{"start":{"line":22,"column":0},"end":{"line":22,"column":40}},"23":{"start":{"line":24,"column":0},"end":{"line":24,"column":22}},"25":{"start":{"line":26,"column":0},"end":{"line":26,"column":23}},"27":{"start":{"line":28,"column":0},"end":{"line":28,"column":29}},"28":{"start":{"line":29,"column":0},"end":{"line":29,"column":60}},"29":{"start":{"line":30,"column":0},"end":{"line":30,"column":28}},"30":{"start":{"line":31,"column":0},"end":{"line":31,"column":29}},"31":{"start":{"line":32,"column":0},"end":{"line":32,"column":32}},"32":{"start":{"line":33,"column":0},"end":{"line":33,"column":5}},"35":{"start":{"line":36,"column":0},"end":{"line":36,"column":33}},"36":{"start":{"line":37,"column":0},"end":{"line":37,"column":57}},"39":{"start":{"line":40,"column":0},"end":{"line":40,"column":34}},"40":{"start":{"line":41,"column":0},"end":{"line":41,"column":59}},"47":{"start":{"line":48,"column":0},"end":{"line":48,"column":32}},"48":{"start":{"line":49,"column":0},"end":{"line":49,"column":5}},"49":{"start":{"line":50,"column":0},"end":{"line":50,"column":10}},"50":{"start":{"line":51,"column":0},"end":{"line":51,"column":13}},"51":{"start":{"line":52,"column":0},"end":{"line":52,"column":13}},"52":{"start":{"line":53,"column":0},"end":{"line":53,"column":20}},"53":{"start":{"line":54,"column":0},"end":{"line":54,"column":8}},"58":{"start":{"line":59,"column":0},"end":{"line":59,"column":22}},"59":{"start":{"line":60,"column":0},"end":{"line":60,"column":5}},"60":{"start":{"line":61,"column":0},"end":{"line":61,"column":67}},"61":{"start":{"line":62,"column":0},"end":{"line":62,"column":25}},"63":{"start":{"line":64,"column":0},"end":{"line":64,"column":9}},"64":{"start":{"line":65,"column":0},"end":{"line":65,"column":34}},"65":{"start":{"line":66,"column":0},"end":{"line":66,"column":12}},"66":{"start":{"line":67,"column":0},"end":{"line":67,"column":15}},"67":{"start":{"line":68,"column":0},"end":{"line":68,"column":18}},"68":{"start":{"line":69,"column":0},"end":{"line":69,"column":36}},"69":{"start":{"line":70,"column":0},"end":{"line":70,"column":37}},"70":{"start":{"line":71,"column":0},"end":{"line":71,"column":33}},"71":{"start":{"line":72,"column":0},"end":{"line":72,"column":21}},"72":{"start":{"line":73,"column":0},"end":{"line":73,"column":10}},"73":{"start":{"line":74,"column":0},"end":{"line":74,"column":61}},"74":{"start":{"line":75,"column":0},"end":{"line":75,"column":13}},"75":{"start":{"line":76,"column":0},"end":{"line":76,"column":30}},"76":{"start":{"line":77,"column":0},"end":{"line":77,"column":45}},"77":{"start":{"line":78,"column":0},"end":{"line":78,"column":80}},"78":{"start":{"line":79,"column":0},"end":{"line":79,"column":34}},"79":{"start":{"line":80,"column":0},"end":{"line":80,"column":19}},"80":{"start":{"line":81,"column":0},"end":{"line":81,"column":25}},"81":{"start":{"line":82,"column":0},"end":{"line":82,"column":13}},"82":{"start":{"line":83,"column":0},"end":{"line":83,"column":16}},"83":{"start":{"line":84,"column":0},"end":{"line":84,"column":63}},"84":{"start":{"line":85,"column":0},"end":{"line":85,"column":22}},"85":{"start":{"line":86,"column":0},"end":{"line":86,"column":16}},"86":{"start":{"line":87,"column":0},"end":{"line":87,"column":30}},"87":{"start":{"line":88,"column":0},"end":{"line":88,"column":9}},"88":{"start":{"line":89,"column":0},"end":{"line":89,"column":18}},"89":{"start":{"line":90,"column":0},"end":{"line":90,"column":21}},"90":{"start":{"line":91,"column":0},"end":{"line":91,"column":18}},"91":{"start":{"line":92,"column":0},"end":{"line":92,"column":5}},"92":{"start":{"line":93,"column":0},"end":{"line":93,"column":4}},"93":{"start":{"line":94,"column":0},"end":{"line":94,"column":2}}},"s":{"0":1,"5":1,"8":1,"9":1,"10":1,"11":1,"14":1,"15":1,"16":1,"17":1,"18":1,"19":1,"21":1,"23":3,"25":3,"27":3,"28":3,"29":3,"30":3,"31":3,"32":3,"35":3,"36":3,"39":3,"40":3,"47":3,"48":1,"49":1,"50":1,"51":1,"52":1,"53":1,"58":1,"59":1,"60":1,"61":0,"63":1,"64":1,"65":1,"66":1,"67":1,"68":1,"69":0,"70":1,"71":1,"72":1,"73":1,"74":0,"75":0,"76":0,"77":0,"78":0,"79":0,"80":0,"81":0,"82":1,"83":1,"84":1,"85":0,"86":1,"87":1,"88":1,"89":1,"90":0,"91":0,"92":1,"93":3},"branchMap":{"0":{"type":"branch","line":22,"loc":{"start":{"line":22,"column":23},"end":{"line":94,"column":2}},"locations":[{"start":{"line":22,"column":23},"end":{"line":94,"column":2}}]},"1":{"type":"branch","line":37,"loc":{"start":{"line":37,"column":4},"end":{"line":37,"column":57}},"locations":[{"start":{"line":37,"column":4},"end":{"line":37,"column":57}}]},"2":{"type":"branch","line":41,"loc":{"start":{"line":41,"column":4},"end":{"line":41,"column":59}},"locations":[{"start":{"line":41,"column":4},"end":{"line":41,"column":59}}]},"3":{"type":"branch","line":48,"loc":{"start":{"line":48,"column":9},"end":{"line":93,"column":4}},"locations":[{"start":{"line":48,"column":9},"end":{"line":93,"column":4}}]},"4":{"type":"branch","line":61,"loc":{"start":{"line":61,"column":53},"end":{"line":62,"column":25}},"locations":[{"start":{"line":61,"column":53},"end":{"line":62,"column":25}}]},"5":{"type":"branch","line":69,"loc":{"start":{"line":69,"column":26},"end":{"line":70,"column":37}},"locations":[{"start":{"line":69,"column":26},"end":{"line":70,"column":37}}]},"6":{"type":"branch","line":74,"loc":{"start":{"line":74,"column":58},"end":{"line":82,"column":13}},"locations":[{"start":{"line":74,"column":58},"end":{"line":82,"column":13}}]},"7":{"type":"branch","line":84,"loc":{"start":{"line":84,"column":31},"end":{"line":84,"column":63}},"locations":[{"start":{"line":84,"column":31},"end":{"line":84,"column":63}}]},"8":{"type":"branch","line":85,"loc":{"start":{"line":85,"column":21},"end":{"line":86,"column":16}},"locations":[{"start":{"line":85,"column":21},"end":{"line":86,"column":16}}]},"9":{"type":"branch","line":90,"loc":{"start":{"line":90,"column":4},"end":{"line":92,"column":5}},"locations":[{"start":{"line":90,"column":4},"end":{"line":92,"column":5}}]}},"b":{"0":[3],"1":[1],"2":[2],"3":[1],"4":[0],"5":[0],"6":[0],"7":[0],"8":[0],"9":[0]},"fnMap":{"0":{"name":"creator","decl":{"start":{"line":22,"column":23},"end":{"line":94,"column":2}},"loc":{"start":{"line":22,"column":23},"end":{"line":94,"column":2}},"line":22},"1":{"name":"request","decl":{"start":{"line":48,"column":9},"end":{"line":93,"column":4}},"loc":{"start":{"line":48,"column":9},"end":{"line":93,"column":4}},"line":48}},"f":{"0":3,"1":1}}
,"/Users/siyuan.wang/Works/npm-pakcages/easier-axios-DSL/src/utils/generator.ts": {"path":"/Users/siyuan.wang/Works/npm-pakcages/easier-axios-DSL/src/utils/generator.ts","all":false,"statementMap":{"0":{"start":{"line":1,"column":0},"end":{"line":1,"column":42}},"1":{"start":{"line":2,"column":0},"end":{"line":2,"column":20}},"2":{"start":{"line":3,"column":0},"end":{"line":3,"column":61}},"14":{"start":{"line":15,"column":0},"end":{"line":15,"column":41}},"15":{"start":{"line":16,"column":0},"end":{"line":16,"column":14}},"16":{"start":{"line":17,"column":0},"end":{"line":17,"column":37}},"17":{"start":{"line":18,"column":0},"end":{"line":18,"column":57}},"19":{"start":{"line":20,"column":0},"end":{"line":20,"column":27}},"20":{"start":{"line":21,"column":0},"end":{"line":21,"column":27}},"21":{"start":{"line":22,"column":0},"end":{"line":22,"column":44}},"22":{"start":{"line":23,"column":0},"end":{"line":23,"column":59}},"23":{"start":{"line":24,"column":0},"end":{"line":24,"column":37}},"24":{"start":{"line":25,"column":0},"end":{"line":25,"column":47}},"25":{"start":{"line":26,"column":0},"end":{"line":26,"column":2}},"26":{"start":{"line":27,"column":0},"end":{"line":27,"column":60}},"27":{"start":{"line":28,"column":0},"end":{"line":28,"column":66}},"29":{"start":{"line":30,"column":0},"end":{"line":30,"column":78}},"30":{"start":{"line":31,"column":0},"end":{"line":31,"column":42}},"31":{"start":{"line":32,"column":0},"end":{"line":32,"column":21}},"32":{"start":{"line":33,"column":0},"end":{"line":33,"column":80}},"33":{"start":{"line":34,"column":0},"end":{"line":34,"column":6}},"34":{"start":{"line":35,"column":0},"end":{"line":35,"column":4}},"35":{"start":{"line":36,"column":0},"end":{"line":36,"column":2}},"37":{"start":{"line":38,"column":0},"end":{"line":38,"column":54}},"38":{"start":{"line":39,"column":0},"end":{"line":39,"column":35}},"39":{"start":{"line":40,"column":0},"end":{"line":40,"column":17}},"40":{"start":{"line":41,"column":0},"end":{"line":41,"column":2}},"42":{"start":{"line":43,"column":0},"end":{"line":43,"column":46}},"43":{"start":{"line":44,"column":0},"end":{"line":44,"column":26}},"44":{"start":{"line":45,"column":0},"end":{"line":45,"column":25}},"45":{"start":{"line":46,"column":0},"end":{"line":46,"column":22}},"46":{"start":{"line":47,"column":0},"end":{"line":47,"column":22}},"47":{"start":{"line":48,"column":0},"end":{"line":48,"column":55}},"48":{"start":{"line":49,"column":0},"end":{"line":49,"column":10}},"49":{"start":{"line":50,"column":0},"end":{"line":50,"column":17}},"50":{"start":{"line":51,"column":0},"end":{"line":51,"column":51}},"51":{"start":{"line":52,"column":0},"end":{"line":52,"column":52}},"52":{"start":{"line":53,"column":0},"end":{"line":53,"column":4}},"53":{"start":{"line":54,"column":0},"end":{"line":54,"column":2}},"55":{"start":{"line":56,"column":0},"end":{"line":56,"column":33}},"56":{"start":{"line":57,"column":0},"end":{"line":57,"column":24}},"57":{"start":{"line":58,"column":0},"end":{"line":58,"column":25}},"58":{"start":{"line":59,"column":0},"end":{"line":59,"column":22}},"59":{"start":{"line":60,"column":0},"end":{"line":60,"column":28}},"60":{"start":{"line":61,"column":0},"end":{"line":61,"column":22}},"61":{"start":{"line":62,"column":0},"end":{"line":62,"column":22}},"62":{"start":{"line":63,"column":0},"end":{"line":63,"column":62}},"63":{"start":{"line":64,"column":0},"end":{"line":64,"column":44}},"64":{"start":{"line":65,"column":0},"end":{"line":65,"column":25}},"65":{"start":{"line":66,"column":0},"end":{"line":66,"column":24}},"66":{"start":{"line":67,"column":0},"end":{"line":67,"column":5}},"67":{"start":{"line":68,"column":0},"end":{"line":68,"column":10}},"69":{"start":{"line":70,"column":0},"end":{"line":70,"column":31}},"70":{"start":{"line":71,"column":0},"end":{"line":71,"column":21}},"71":{"start":{"line":72,"column":0},"end":{"line":72,"column":31}},"72":{"start":{"line":73,"column":0},"end":{"line":73,"column":24}},"73":{"start":{"line":74,"column":0},"end":{"line":74,"column":44}},"74":{"start":{"line":75,"column":0},"end":{"line":75,"column":10}},"76":{"start":{"line":77,"column":0},"end":{"line":77,"column":51}},"78":{"start":{"line":79,"column":0},"end":{"line":79,"column":52}},"79":{"start":{"line":80,"column":0},"end":{"line":80,"column":4}},"80":{"start":{"line":81,"column":0},"end":{"line":81,"column":2}},"82":{"start":{"line":83,"column":0},"end":{"line":83,"column":86}},"83":{"start":{"line":84,"column":0},"end":{"line":84,"column":55}},"84":{"start":{"line":85,"column":0},"end":{"line":85,"column":59}},"85":{"start":{"line":86,"column":0},"end":{"line":86,"column":72}},"86":{"start":{"line":87,"column":0},"end":{"line":87,"column":74}},"87":{"start":{"line":88,"column":0},"end":{"line":88,"column":74}},"89":{"start":{"line":90,"column":0},"end":{"line":90,"column":42}},"91":{"start":{"line":92,"column":0},"end":{"line":92,"column":52}},"92":{"start":{"line":93,"column":0},"end":{"line":93,"column":54}},"94":{"start":{"line":95,"column":0},"end":{"line":95,"column":33}},"95":{"start":{"line":96,"column":0},"end":{"line":96,"column":46}},"96":{"start":{"line":97,"column":0},"end":{"line":97,"column":12}},"97":{"start":{"line":98,"column":0},"end":{"line":98,"column":60}},"99":{"start":{"line":100,"column":0},"end":{"line":100,"column":38}},"100":{"start":{"line":101,"column":0},"end":{"line":101,"column":74}},"102":{"start":{"line":103,"column":0},"end":{"line":103,"column":43}},"103":{"start":{"line":104,"column":0},"end":{"line":104,"column":38}},"104":{"start":{"line":105,"column":0},"end":{"line":105,"column":32}},"105":{"start":{"line":106,"column":0},"end":{"line":106,"column":23}},"106":{"start":{"line":107,"column":0},"end":{"line":107,"column":19}},"107":{"start":{"line":108,"column":0},"end":{"line":108,"column":19}},"108":{"start":{"line":109,"column":0},"end":{"line":109,"column":9}},"109":{"start":{"line":110,"column":0},"end":{"line":110,"column":25}},"110":{"start":{"line":111,"column":0},"end":{"line":111,"column":24}},"111":{"start":{"line":112,"column":0},"end":{"line":112,"column":24}},"112":{"start":{"line":113,"column":0},"end":{"line":113,"column":21}},"113":{"start":{"line":114,"column":0},"end":{"line":114,"column":27}},"114":{"start":{"line":115,"column":0},"end":{"line":115,"column":19}},"115":{"start":{"line":116,"column":0},"end":{"line":116,"column":19}},"116":{"start":{"line":117,"column":0},"end":{"line":117,"column":10}},"118":{"start":{"line":119,"column":0},"end":{"line":119,"column":80}},"119":{"start":{"line":120,"column":0},"end":{"line":120,"column":74}},"121":{"start":{"line":122,"column":0},"end":{"line":122,"column":19}},"122":{"start":{"line":123,"column":0},"end":{"line":123,"column":7}},"123":{"start":{"line":124,"column":0},"end":{"line":124,"column":64}},"124":{"start":{"line":125,"column":0},"end":{"line":125,"column":43}},"125":{"start":{"line":126,"column":0},"end":{"line":126,"column":61}},"126":{"start":{"line":127,"column":0},"end":{"line":127,"column":14}},"127":{"start":{"line":128,"column":0},"end":{"line":128,"column":30}},"128":{"start":{"line":129,"column":0},"end":{"line":129,"column":71}},"129":{"start":{"line":130,"column":0},"end":{"line":130,"column":8}},"130":{"start":{"line":131,"column":0},"end":{"line":131,"column":16}},"131":{"start":{"line":132,"column":0},"end":{"line":132,"column":6}},"132":{"start":{"line":133,"column":0},"end":{"line":133,"column":4}},"133":{"start":{"line":134,"column":0},"end":{"line":134,"column":2}},"135":{"start":{"line":136,"column":0},"end":{"line":136,"column":64}},"136":{"start":{"line":137,"column":0},"end":{"line":137,"column":32}},"137":{"start":{"line":138,"column":0},"end":{"line":138,"column":9}},"139":{"start":{"line":140,"column":0},"end":{"line":140,"column":27}},"140":{"start":{"line":141,"column":0},"end":{"line":141,"column":20}},"141":{"start":{"line":142,"column":0},"end":{"line":142,"column":13}},"142":{"start":{"line":143,"column":0},"end":{"line":143,"column":45}},"143":{"start":{"line":144,"column":0},"end":{"line":144,"column":7}},"144":{"start":{"line":145,"column":0},"end":{"line":145,"column":6}},"145":{"start":{"line":146,"column":0},"end":{"line":146,"column":65}}},"s":{"0":1,"1":1,"2":1,"14":1,"15":8,"16":8,"17":8,"19":1,"20":1,"21":1,"22":1,"23":1,"24":1,"25":1,"26":1,"27":1,"29":1,"30":45,"31":20,"32":20,"33":20,"34":20,"35":20,"37":1,"38":14,"39":14,"40":14,"42":1,"43":7,"44":7,"45":7,"46":7,"47":7,"48":7,"49":7,"50":7,"51":7,"52":7,"53":7,"55":1,"56":10,"57":10,"58":10,"59":10,"60":10,"61":10,"62":10,"63":10,"64":10,"65":10,"66":10,"67":10,"69":10,"70":4,"71":6,"72":6,"73":6,"74":6,"76":10,"78":10,"79":10,"80":10,"82":1,"83":14,"84":14,"85":14,"86":14,"87":14,"89":14,"91":14,"92":14,"94":14,"95":10,"96":4,"97":14,"99":14,"100":11,"102":11,"103":4,"104":4,"105":4,"106":4,"107":4,"108":4,"109":7,"110":7,"111":7,"112":7,"113":7,"114":7,"115":7,"116":7,"118":11,"119":11,"121":11,"122":11,"123":11,"124":11,"125":11,"126":3,"127":8,"128":11,"129":11,"130":11,"131":11,"132":11,"133":14,"135":1,"136":3,"137":3,"139":3,"140":3,"141":3,"142":3,"143":3,"144":3,"145":3},"branchMap":{"0":{"type":"branch","line":15,"loc":{"start":{"line":15,"column":40},"end":{"line":18,"column":57}},"locations":[{"start":{"line":15,"column":40},"end":{"line":18,"column":57}}]},"1":{"type":"branch","line":18,"loc":{"start":{"line":18,"column":31},"end":{"line":18,"column":55}},"locations":[{"start":{"line":18,"column":31},"end":{"line":18,"column":55}}]},"2":{"type":"branch","line":30,"loc":{"start":{"line":30,"column":38},"end":{"line":36,"column":2}},"locations":[{"start":{"line":30,"column":38},"end":{"line":36,"column":2}}]},"3":{"type":"branch","line":31,"loc":{"start":{"line":31,"column":7},"end":{"line":31,"column":32}},"locations":[{"start":{"line":31,"column":7},"end":{"line":31,"column":32}}]},"4":{"type":"branch","line":31,"loc":{"start":{"line":31,"column":18},"end":{"line":31,"column":32}},"locations":[{"start":{"line":31,"column":18},"end":{"line":31,"column":32}}]},"5":{"type":"branch","line":31,"loc":{"start":{"line":31,"column":32},"end":{"line":31,"column":42}},"locations":[{"start":{"line":31,"column":32},"end":{"line":31,"column":42}}]},"6":{"type":"branch","line":31,"loc":{"start":{"line":31,"column":40},"end":{"line":36,"column":2}},"locations":[{"start":{"line":31,"column":40},"end":{"line":36,"column":2}}]},"7":{"type":"branch","line":33,"loc":{"start":{"line":33,"column":4},"end":{"line":33,"column":80}},"locations":[{"start":{"line":33,"column":4},"end":{"line":33,"column":80}}]},"8":{"type":"branch","line":38,"loc":{"start":{"line":38,"column":36},"end":{"line":41,"column":2}},"locations":[{"start":{"line":38,"column":36},"end":{"line":41,"column":2}}]},"9":{"type":"branch","line":43,"loc":{"start":{"line":43,"column":45},"end":{"line":54,"column":2}},"locations":[{"start":{"line":43,"column":45},"end":{"line":54,"column":2}}]},"10":{"type":"branch","line":56,"loc":{"start":{"line":56,"column":32},"end":{"line":81,"column":2}},"locations":[{"start":{"line":56,"column":32},"end":{"line":81,"column":2}}]},"11":{"type":"branch","line":65,"loc":{"start":{"line":65,"column":8},"end":{"line":65,"column":25}},"locations":[{"start":{"line":65,"column":8},"end":{"line":65,"column":25}}]},"12":{"type":"branch","line":66,"loc":{"start":{"line":66,"column":8},"end":{"line":66,"column":24}},"locations":[{"start":{"line":66,"column":8},"end":{"line":66,"column":24}}]},"13":{"type":"branch","line":70,"loc":{"start":{"line":70,"column":4},"end":{"line":70,"column":31}},"locations":[{"start":{"line":70,"column":4},"end":{"line":70,"column":31}}]},"14":{"type":"branch","line":70,"loc":{"start":{"line":70,"column":21},"end":{"line":71,"column":21}},"locations":[{"start":{"line":70,"column":21},"end":{"line":71,"column":21}}]},"15":{"type":"branch","line":71,"loc":{"start":{"line":71,"column":8},"end":{"line":75,"column":10}},"locations":[{"start":{"line":71,"column":8},"end":{"line":75,"column":10}}]},"16":{"type":"branch","line":74,"loc":{"start":{"line":74,"column":10},"end":{"line":74,"column":34}},"locations":[{"start":{"line":74,"column":10},"end":{"line":74,"column":34}}]},"17":{"type":"branch","line":74,"loc":{"start":{"line":74,"column":37},"end":{"line":74,"column":44}},"locations":[{"start":{"line":74,"column":37},"end":{"line":74,"column":44}}]},"18":{"type":"branch","line":83,"loc":{"start":{"line":83,"column":27},"end":{"line":134,"column":2}},"locations":[{"start":{"line":83,"column":27},"end":{"line":134,"column":2}}]},"19":{"type":"branch","line":86,"loc":{"start":{"line":86,"column":64},"end":{"line":86,"column":72}},"locations":[{"start":{"line":86,"column":64},"end":{"line":86,"column":72}}]},"20":{"type":"branch","line":87,"loc":{"start":{"line":87,"column":66},"end":{"line":87,"column":74}},"locations":[{"start":{"line":87,"column":66},"end":{"line":87,"column":74}}]},"21":{"type":"branch","line":88,"loc":{"start":{"line":88,"column":66},"end":{"line":88,"column":74}},"locations":[{"start":{"line":88,"column":66},"end":{"line":88,"column":74}}]},"22":{"type":"branch","line":92,"loc":{"start":{"line":92,"column":19},"end":{"line":92,"column":41}},"locations":[{"start":{"line":92,"column":19},"end":{"line":92,"column":41}}]},"23":{"type":"branch","line":92,"loc":{"start":{"line":92,"column":44},"end":{"line":92,"column":52}},"locations":[{"start":{"line":92,"column":44},"end":{"line":92,"column":52}}]},"24":{"type":"branch","line":93,"loc":{"start":{"line":93,"column":20},"end":{"line":93,"column":43}},"locations":[{"start":{"line":93,"column":20},"end":{"line":93,"column":43}}]},"25":{"type":"branch","line":93,"loc":{"start":{"line":93,"column":46},"end":{"line":93,"column":54}},"locations":[{"start":{"line":93,"column":46},"end":{"line":93,"column":54}}]},"26":{"type":"branch","line":95,"loc":{"start":{"line":95,"column":22},"end":{"line":96,"column":46}},"locations":[{"start":{"line":95,"column":22},"end":{"line":96,"column":46}}]},"27":{"type":"branch","line":96,"loc":{"start":{"line":96,"column":45},"end":{"line":97,"column":12}},"locations":[{"start":{"line":96,"column":45},"end":{"line":97,"column":12}}]},"28":{"type":"branch","line":100,"loc":{"start":{"line":100,"column":9},"end":{"line":133,"column":4}},"locations":[{"start":{"line":100,"column":9},"end":{"line":133,"column":4}}]},"29":{"type":"branch","line":103,"loc":{"start":{"line":103,"column":32},"end":{"line":109,"column":9}},"locations":[{"start":{"line":103,"column":32},"end":{"line":109,"column":9}}]},"30":{"type":"branch","line":109,"loc":{"start":{"line":109,"column":8},"end":{"line":117,"column":10}},"locations":[{"start":{"line":109,"column":8},"end":{"line":117,"column":10}}]},"31":{"type":"branch","line":119,"loc":{"start":{"line":119,"column":21},"end":{"line":119,"column":76}},"locations":[{"start":{"line":119,"column":21},"end":{"line":119,"column":76}}]},"32":{"type":"branch","line":119,"loc":{"start":{"line":119,"column":72},"end":{"line":119,"column":80}},"locations":[{"start":{"line":119,"column":72},"end":{"line":119,"column":80}}]},"33":{"type":"branch","line":120,"loc":{"start":{"line":120,"column":39},"end":{"line":120,"column":71}},"locations":[{"start":{"line":120,"column":39},"end":{"line":120,"column":71}}]},"34":{"type":"branch","line":120,"loc":{"start":{"line":120,"column":66},"end":{"line":120,"column":74}},"locations":[{"start":{"line":120,"column":66},"end":{"line":120,"column":74}}]},"35":{"type":"branch","line":126,"loc":{"start":{"line":126,"column":43},"end":{"line":126,"column":61}},"locations":[{"start":{"line":126,"column":43},"end":{"line":126,"column":61}}]},"36":{"type":"branch","line":126,"loc":{"start":{"line":126,"column":60},"end":{"line":127,"column":14}},"locations":[{"start":{"line":126,"column":60},"end":{"line":127,"column":14}}]},"37":{"type":"branch","line":127,"loc":{"start":{"line":127,"column":13},"end":{"line":128,"column":30}},"locations":[{"start":{"line":127,"column":13},"end":{"line":128,"column":30}}]},"38":{"type":"branch","line":136,"loc":{"start":{"line":136,"column":29},"end":{"line":146,"column":65}},"locations":[{"start":{"line":136,"column":29},"end":{"line":146,"column":65}}]},"39":{"type":"branch","line":141,"loc":{"start":{"line":141,"column":4},"end":{"line":144,"column":7}},"locations":[{"start":{"line":141,"column":4},"end":{"line":144,"column":7}}]}},"b":{"0":[8],"1":[10],"2":[45],"3":[43],"4":[41],"5":[25],"6":[20],"7":[37],"8":[14],"9":[7],"10":[10],"11":[1],"12":[1],"13":[8],"14":[4],"15":[6],"16":[3],"17":[3],"18":[14],"19":[11],"20":[11],"21":[10],"22":[3],"23":[11],"24":[3],"25":[11],"26":[10],"27":[4],"28":[11],"29":[4],"30":[7],"31":[3],"32":[8],"33":[3],"34":[8],"35":[7],"36":[3],"37":[8],"38":[3],"39":[3]},"fnMap":{"0":{"name":"injectPathQueriesIntoUrl","decl":{"start":{"line":15,"column":40},"end":{"line":18,"column":57}},"loc":{"start":{"line":15,"column":40},"end":{"line":18,"column":57}},"line":15},"1":{"name":"getNewObjectByKeysFrom","decl":{"start":{"line":30,"column":38},"end":{"line":36,"column":2}},"loc":{"start":{"line":30,"column":38},"end":{"line":36,"column":2}},"line":30},"2":{"name":"getUrlWithoutQueries","decl":{"start":{"line":38,"column":36},"end":{"line":41,"column":2}},"loc":{"start":{"line":38,"column":36},"end":{"line":41,"column":2}},"line":38},"3":{"name":"getRequestParamsIfDataIsArray","decl":{"start":{"line":43,"column":45},"end":{"line":54,"column":2}},"loc":{"start":{"line":43,"column":45},"end":{"line":54,"column":2}},"line":43},"4":{"name":"getRequestParams","decl":{"start":{"line":56,"column":32},"end":{"line":81,"column":2}},"loc":{"start":{"line":56,"column":32},"end":{"line":81,"column":2}},"line":56},"5":{"name":"apiTransfer","decl":{"start":{"line":83,"column":27},"end":{"line":134,"column":2}},"loc":{"start":{"line":83,"column":27},"end":{"line":134,"column":2}},"line":83},"6":{"name":"generatorAPIS","decl":{"start":{"line":136,"column":29},"end":{"line":146,"column":65}},"loc":{"start":{"line":136,"column":29},"end":{"line":146,"column":65}},"line":136}},"f":{"0":8,"1":45,"2":14,"3":7,"4":10,"5":14,"6":3}}
}
